<?xml version="1.0" encoding="UTF-8"?>
<testng-results skipped="0" failed="0" ignored="0" total="1" passed="1">
  <reporter-output>
  </reporter-output>
  <suite name="Default suite" duration-ms="30567" started-at="2020-08-03T23:31:53Z" finished-at="2020-08-03T23:32:23Z">
    <groups>
    </groups>
    <test name="Default test" duration-ms="30567" started-at="2020-08-03T23:31:53Z" finished-at="2020-08-03T23:32:23Z">
      <class name="testNgpack.Testforedge">
        <test-method status="PASS" signature="f()[pri:0, instance:testNgpack.Testforedge@523884b2]" name="f" duration-ms="30491" started-at="2020-08-03T23:31:53Z" finished-at="2020-08-03T23:32:23Z">
          <reporter-output>
          </reporter-output>
        </test-method> <!-- f -->
      </class> <!-- testNgpack.Testforedge -->
    </test> <!-- Default test -->
  </suite> <!-- Default suite -->
</testng-results>
