<?xml version="1.0" encoding="UTF-8"?>
<!-- Generated by org.testng.reporters.JUnitXMLReporter -->
<testsuite hostname="DESKTOP-RU4DMU0" ignored="0" name="parmaterTest" tests="3" failures="0" timestamp="24 Jul 2020 00:26:29 GMT" time="39.029" errors="0">
  <testcase name="loginPage" time="5.759" classname="testNgpack.Parameter"/>
  <testcase name="homePageValidation" time="0.007" classname="testNgpack.Parameter"/>
  <testcase name="calenderPageValidation" time="3.097" classname="testNgpack.Parameter"/>
</testsuite> <!-- parmaterTest -->
