<?xml version="1.0" encoding="UTF-8"?>
<!-- Generated by org.testng.reporters.JUnitXMLReporter -->
<testsuite hostname="DESKTOP-RU4DMU0" ignored="0" name="groupdep" tests="4" failures="0" timestamp="18 Jul 2020 12:16:06 GMT" time="0.206" errors="0">
  <testcase name="OpenBrowser" time="0.011" classname="testNgpack.dgroup"/>
  <testcase name="LogIn" time="0.025" classname="testNgpack.dgroup"/>
  <testcase name="ViewAcc" time="0.017" classname="testNgpack.dgroup"/>
  <testcase name="CloseAccount" time="0.011" classname="testNgpack.dgroup"/>
</testsuite> <!-- groupdep -->
