<?xml version="1.0" encoding="UTF-8"?>
<!-- Generated by org.testng.reporters.JUnitXMLReporter -->
<testsuite hostname="DESKTOP-RU4DMU0" ignored="0" name="Regression1" tests="4" failures="0" timestamp="18 Jul 2020 12:07:19 GMT" time="0.053" errors="0">
  <testcase name="f" time="0.002" classname="testNgpack.test2"/>
  <testcase name="f" time="0.002" classname="testNgpack.test3"/>
  <testcase name="f1" time="0.002" classname="testNgpack.test3"/>
  <testcase name="f2" time="0.001" classname="testNgpack.test3"/>
</testsuite> <!-- Regression1 -->
