<?xml version="1.0" encoding="UTF-8"?>
<!-- Generated by org.testng.reporters.JUnitXMLReporter -->
<testsuite hostname="DESKTOP-RU4DMU0" ignored="0" name="test1" tests="3" failures="0" timestamp="20 Jul 2020 22:34:20 GMT" time="0.202" errors="0">
  <testcase name="testPrintMessage" time="0.023" classname="testNgpack.mgroups"/>
  <testcase name="testSalutationMessage" time="0.005" classname="testNgpack.mgroups"/>
  <testcase name="testingExitMessage" time="0.001" classname="testNgpack.mgroups"/>
</testsuite> <!-- test1 -->
